<?xml version="1.0" encoding="UTF-8"?>
<coverage generated="1747579225727" clover="3.2.0">
  <project timestamp="1747579225727" name="All files">
    <metrics statements="14" coveredstatements="11" conditionals="3" coveredconditionals="2" methods="5" coveredmethods="3" elements="22" coveredelements="16" complexity="0" loc="14" ncloc="14" packages="2" files="2" classes="2"/>
    <package name="src">
      <metrics statements="6" coveredstatements="4" conditionals="0" coveredconditionals="0" methods="2" coveredmethods="0"/>
      <file name="index.ts" path="/app/nomencladorjs/src/index.ts">
        <metrics statements="6" coveredstatements="4" conditionals="0" coveredconditionals="0" methods="2" coveredmethods="0"/>
        <line num="3" count="1" type="stmt"/>
        <line num="7" count="1" type="stmt"/>
        <line num="8" count="0" type="stmt"/>
        <line num="11" count="1" type="stmt"/>
        <line num="12" count="0" type="stmt"/>
        <line num="15" count="1" type="stmt"/>
      </file>
    </package>
    <package name="src.utils">
      <metrics statements="8" coveredstatements="7" conditionals="3" coveredconditionals="2" methods="3" coveredmethods="3"/>
      <file name="studies.ts" path="/app/nomencladorjs/src/utils/studies.ts">
        <metrics statements="8" coveredstatements="7" conditionals="3" coveredconditionals="2" methods="3" coveredmethods="3"/>
        <line num="1" count="1" type="stmt"/>
        <line num="7" count="1" type="stmt"/>
        <line num="12" count="1" type="cond" truecount="2" falsecount="1"/>
        <line num="13" count="0" type="stmt"/>
        <line num="16" count="1" type="stmt"/>
        <line num="17" count="4739" type="stmt"/>
        <line num="21" count="1" type="stmt"/>
        <line num="27" count="1" type="stmt"/>
      </file>
    </package>
  </project>
</coverage>
