{"/app/nomencladorjs/src/index.ts": {"path":"/app/nomencladorjs/src/index.ts","statementMap":{"0":{"start":{"line":7,"column":0},"end":{"line":7,"column":16}},"1":{"start":{"line":11,"column":0},"end":{"line":11,"column":16}},"2":{"start":{"line":3,"column":0},"end":{"line":3,"column":7}},"3":{"start":{"line":15,"column":9},"end":{"line":3,"column":38}},"4":{"start":{"line":8,"column":2},"end":{"line":8,"column":29}},"5":{"start":{"line":12,"column":2},"end":{"line":12,"column":15}}},"fnMap":{"0":{"name":"saludar","decl":{"start":{"line":7,"column":16},"end":{"line":7,"column":23}},"loc":{"start":{"line":7,"column":38},"end":{"line":9,"column":1}}},"1":{"name":"sumar","decl":{"start":{"line":11,"column":16},"end":{"line":11,"column":21}},"loc":{"start":{"line":11,"column":42},"end":{"line":13,"column":1}}}},"branchMap":{},"s":{"0":1,"1":1,"2":1,"3":1,"4":0,"5":0},"f":{"0":0,"1":0},"b":{}}
,"/app/nomencladorjs/src/utils/studies.ts": {"path":"/app/nomencladorjs/src/utils/studies.ts","statementMap":{"0":{"start":{"line":1,"column":0},"end":{"line":1,"column":50}},"1":{"start":{"line":7,"column":2},"end":{"line":7,"column":21}},"2":{"start":{"line":12,"column":1},"end":{"line":14,"column":2}},"3":{"start":{"line":13,"column":3},"end":{"line":13,"column":56}},"4":{"start":{"line":16,"column":17},"end":{"line":18,"column":3}},"5":{"start":{"line":17,"column":2},"end":{"line":17,"column":null}},"6":{"start":{"line":21,"column":1},"end":{"line":21,"column":19}},"7":{"start":{"line":27,"column":0},"end":{"line":30,"column":2}}},"fnMap":{"0":{"name":"getAllStudies","decl":{"start":{"line":5,"column":9},"end":{"line":5,"column":22}},"loc":{"start":{"line":5,"column":22},"end":{"line":8,"column":1}}},"1":{"name":"getStudy","decl":{"start":{"line":11,"column":9},"end":{"line":11,"column":17}},"loc":{"start":{"line":11,"column":30},"end":{"line":23,"column":1}}},"2":{"name":"(anonymous_3)","decl":{"start":{"line":16,"column":36},"end":{"line":16,"column":37}},"loc":{"start":{"line":16,"column":60},"end":{"line":18,"column":2}}}},"branchMap":{"0":{"loc":{"start":{"line":12,"column":1},"end":{"line":14,"column":2}},"type":"if","locations":[{"start":{"line":12,"column":1},"end":{"line":14,"column":2}}]},"1":{"loc":{"start":{"line":12,"column":5},"end":{"line":12,"column":40}},"type":"binary-expr","locations":[{"start":{"line":12,"column":5},"end":{"line":12,"column":23}},{"start":{"line":12,"column":27},"end":{"line":12,"column":40}}]}},"s":{"0":1,"1":1,"2":1,"3":0,"4":1,"5":4739,"6":1,"7":1},"f":{"0":1,"1":1,"2":4739},"b":{"0":[0],"1":[1,1]}}
}
